316914
1116406
798611
4254970
4777000
91080
3873786
5956336
2579133
1474431
2649191
2040874
9041866
5719061
3019409
6740178
2989786
4738765
1377296
2249964
1593464
6351963
3397990
277425
5591900
1449180
9603277
888535
1250972
2410712
3196460
4097603
1271077
1563828
523607
5540631
3838097
4065169
2336027
2402481
2261817
4461949
5179897
1132600
2557520
7001679
991496
2380560
3137581
5094748
1805960
5640980
2038976
1775580
2074061
3559308
6271014
4260176
7427156
6487654
1124952
2242248
2635371
5401019
2727166
1788029
1227264
722661
170820
2589921
544236
2637533
8478298
3231392
7659387
564876
2496516
6801793
7295444
7594688
397440
742115
6652267
2652069
3708690
1213230
207162
964956
7235929
2877287
3977452
806058
677600
3500330
874944
6107887
3641973
411138
3474528
5490981
